<?xml version="1.0" encoding="UTF-8"?>
<testsuites name="Services Create Client" time="12" tests="1" failures="0" errors="0">
   <testsuite name="Services Create Client" tests="1" failures="0" errors="0" time="12" timestamp="2019-05-14 16:39:26" hostname="anthonyanderson - 10.0.0.190" id="Test Suites/Client Person/Services/Client/Services Create Client">
      <properties>
         <property name="deviceName" value=""/>
         <property name="devicePlatform" value=""/>
         <property name="logFolder" value="/Users/anthonyanderson/Ben-Admin/Ben-Admin/Reports/Client Person/Services/Client/Services Create Client/20190514_163914"/>
         <property name="logFiles" value="/Users/anthonyanderson/Ben-Admin/Ben-Admin/Reports/Client Person/Services/Client/Services Create Client/20190514_163914/execution0.log"/>
         <property name="attachments" value=""/>
         <property name="hostName" value="anthonyanderson - 10.0.0.190"/>
         <property name="hostAddress" value="10.0.0.190"/>
         <property name="os" value="Mac OS X 64bit"/>
         <property name="katalonVersion" value="6.1.0.1"/>
      </properties>
      <testcase name="Test Cases/Client Person/Services/Client/Services Create Client" classname="Test Cases/Client Person/Services/Client/Services Create Client" status="PASSED">
         <system-out><![CDATA[2019-05-14 16:39:27 - [TEST_CASE][PASSED] - Test Cases/Client Person/Services/Client/Services Create Client: Test Cases/Client Person/Services/Client/Services Create Client

2019-05-14 16:39:27 - [TEST_STEP][PASSED] - sendRequest(findTestObject("Client Person/Services/Client/Services Create Client", ["legalClientName":"Harriet", "clientName":"Sanders", "primaryContactEmail":"hsanderstest@test.com", "parentClientUUID":"ec7052a6-7b02-4110-b0f9-288284956dc2", ... ])): Send request successfully

2019-05-14 16:39:39 - [MESSAGE][INFO] - HAR: /Users/anthonyanderson/Ben-Admin/Ben-Admin/Reports/Client Person/Services/Client/Services Create Client/20190514_163914/requests/main/0.har

2019-05-14 16:39:39 - [MESSAGE][PASSED] - Send request successfully]]></system-out>
         <system-err><![CDATA[]]></system-err>
      </testcase>
      <system-out><![CDATA[2019-05-14 16:39:26 - [TEST_SUITE][PASSED] - Services Create Client: Test Cases/Client Person/Services/Client/Services Create Client]]></system-out>
      <system-err><![CDATA[]]></system-err>
   </testsuite>
</testsuites>
