<?xml version="1.0" encoding="UTF-8"?>
<testsuites name="Services Create Client required fields" time="12" tests="1" failures="0" errors="0">
   <testsuite name="Services Create Client required fields" tests="1" failures="0" errors="0" time="12" timestamp="2019-05-15 09:29:29" hostname="anthonyanderson - 10.0.0.190" id="Test Suites/Client Person/Services/Client/Services Create Client required fields">
      <properties>
         <property name="deviceName" value=""/>
         <property name="devicePlatform" value=""/>
         <property name="logFolder" value="/Users/anthonyanderson/Ben-Admin/Ben-Admin/Reports/Client Person/Services/Client/Services Create Client required fields/20190515_092917"/>
         <property name="logFiles" value="/Users/anthonyanderson/Ben-Admin/Ben-Admin/Reports/Client Person/Services/Client/Services Create Client required fields/20190515_092917/execution0.log"/>
         <property name="attachments" value=""/>
         <property name="hostName" value="anthonyanderson - 10.0.0.190"/>
         <property name="hostAddress" value="10.0.0.190"/>
         <property name="os" value="Mac OS X 64bit"/>
         <property name="katalonVersion" value="6.1.0.1"/>
      </properties>
      <testcase name="Test Cases/Client Person/Services/Client/Services Create Client" classname="Test Cases/Client Person/Services/Client/Services Create Client" status="PASSED">
         <system-out><![CDATA[2019-05-15 09:29:29 - [TEST_CASE][PASSED] - Test Cases/Client Person/Services/Client/Services Create Client: Test Cases/Client Person/Services/Client/Services Create Client

2019-05-15 09:29:30 - [TEST_STEP][PASSED] - response = sendRequest(findTestObject("Client Person/Services/Client/V1/CLIENT", ["legalClientName":legalClientName, "clientName":clientName, "primaryContactEmail":"hsanderstest@test.com", "parentClientUUID":parentClientUUID, ... ])): Send request successfully

2019-05-15 09:29:41 - [MESSAGE][INFO] - HAR: /Users/anthonyanderson/Ben-Admin/Ben-Admin/Reports/Client Person/Services/Client/Services Create Client required fields/20190515_092917/requests/main/0.har

2019-05-15 09:29:41 - [MESSAGE][PASSED] - Send request successfully

2019-05-15 09:29:41 - [TEST_STEP][PASSED] - verifyResponseStatusCode(response, 201): Verify response status code successfully

2019-05-15 09:29:41 - [MESSAGE][PASSED] - Verify response status code successfully

2019-05-15 09:29:41 - [TEST_STEP][PASSED] - verifyElementPropertyValue(response, "legalClientName", legalClientName): Verify element property value successfully

2019-05-15 09:29:41 - [MESSAGE][PASSED] - Verify element property value successfully]]></system-out>
         <system-err><![CDATA[]]></system-err>
      </testcase>
      <system-out><![CDATA[2019-05-15 09:29:29 - [TEST_SUITE][PASSED] - Services Create Client required fields: Test Cases/Client Person/Services/Client/Services Create Client]]></system-out>
      <system-err><![CDATA[]]></system-err>
   </testsuite>
</testsuites>
